PASS a2a_0001_handshake_success
PASS a2a_0002_task_event_result_success
PASS a2a_0003_task_result_failure
PASS a2a_0004_event_after_terminal_result (fallback)
PASS a2a_0005_duplicate_terminal_result
PASS a2a_0006_event_before_task_invalid (fallback)
PASS a2a_0007_result_before_task_invalid (fallback)
PASS a2a_0008_duplicate_task_same_payload_idempotent
PASS a2a_0009_duplicate_task_conflicting_payload_rejected (fallback)
PASS a2a_0010_post_terminal_event_rejected (fallback)
PASS a2a_0011_post_terminal_result_rejected (fallback)
PASS a2a_0012_task_malformed_input_failure
PASS a2a_0013_unsupported_capability_failure
PASS a2a_0014_unsupported_msg_type
PASS a2a_0015_multi_task_interleaving_valid
PASS agdisc_0001_get_doc_success
PASS agdisc_0002_not_found (fallback)
PASS agdisc_0003_invalid_doc_rejected (fallback)
PASS agdisc_0004_etag_not_modified
PASS agdisc_0005_cache_expiry_refresh
PASS agdisc_0006_unsupported_msg_type
PASS artifact_0001_offer_get_success
PASS artifact_0002_chunk_ordering
PASS artifact_0003_integrity_mismatch (fallback)
PASS artifact_0004_resume_token
PASS artifact_0005_range_request
PASS artifact_0006_corruption_rejected (fallback)
PASS artifact_0007_unsupported_msg_type
PASS core_0001_valid_min_frame
PASS core_0002_valid_typical_frame
PASS core_0003_invalid_zero_length
PASS core_0004_invalid_truncated_prefix
PASS core_0005_invalid_oversized_length
PASS core_0006_invalid_truncated_body
PASS core_0007_invalid_envelope_decode
PASS core_0008_unsupported_version
PASS core_0009_unknown_profile
PASS core_0010_invalid_msg_id_short
PASS core_0011_invalid_msg_id_long
PASS core_0012_invalid_payload_oversize
PASS core_0013_unknown_flags_set
PASS core_0014_stale_timestamp
PASS core_0015_future_timestamp
PASS core_0016_burst_limit_exceeded (fallback)
PASS core_0017_unknown_profile_with_error_path
PASS core_0018_unknown_profile_no_error_path
PASS core_0019_boundary_max_frame_exact
PASS core_0020_boundary_max_payload_exact
PASS core_0021_missing_required_field_version
PASS core_0022_missing_required_field_profile_id
PASS core_0023_missing_required_field_msg_type
PASS core_0024_missing_required_field_msg_id
PASS core_0025_missing_required_field_ts_unix_ms
PASS core_0026_unknown_flags_no_reinterpretation
PASS core_0027_duplicate_inflight_msg_id (fallback)
PASS core_0028_error_mapping_invalid_frame
PASS core_0029_error_mapping_unsupported_version
PASS core_0030_error_mapping_invalid_envelope
PASS core_0031_optional_fields_no_semantic_override
PASS core_0032_profile_dispatch_known_profile
PASS core_0033_extensibility_backward_compatibility
PASS cred_0001_expiry_enforced (fallback)
PASS cred_0002_chain_length_enforced
PASS cred_0003_invalid_credential (fallback)
PASS cred_0004_delegation_propagation
PASS cred_0005_revoke_behavior
PASS cred_0006_unsupported_msg_type
PASS e1_0001_valid_min_envelope
PASS e1_0002_varint_too_long_invalid
PASS e1_0003_varint_overflow_invalid
PASS e1_0004_invalid_version
PASS e1_0005_empty_msg_id_invalid
PASS e1_0006_unknown_extension_ignored
PASS e1_0007_extensions_too_large
PASS e1_0008_truncated_bytes_field
PASS events_0001_required_fields (fallback)
PASS events_0002_ordering
PASS events_0003_correlation_propagation
PASS events_0004_batch_order
PASS events_0005_invalid_severity (fallback)
PASS events_0006_unsupported_msg_type
PASS mcp_0001_request_roundtrip
PASS mcp_0002_response_roundtrip
PASS mcp_0003_notification_no_response
PASS mcp_0004_error_mapping_internal
PASS mcp_0005_error_mapping_unknown_profile
PASS mcp_0006_response_msg_id_reuse
PASS mcp_0007_request_missing_id_invalid
PASS mcp_0008_response_both_result_and_error_invalid
PASS mcp_0009_notification_with_response_violation
PASS mcp_0010_invalid_utf8_payload
PASS mcp_0011_invalid_json_payload
PASS mcp_0012_unsupported_msg_type
PASS mcp_0013_stream_partial_then_terminal_success
PASS mcp_0014_stream_partial_then_terminal_error
PASS mcp_0015_payload_preservation_whitespace
PASS obs_0001_traceparent_validity (fallback)
PASS obs_0002_propagation
PASS obs_0003_tracestate_preservation
PASS obs_0004_correlation_linkage
PASS obs_0005_unsupported_msg_type
PASS policyhint_0001_propagation
PASS policyhint_0002_unknown_keys
PASS policyhint_0003_conflicts
PASS policyhint_0004_violation_payload
PASS policyhint_0005_mode_semantics
PASS policyhint_0006_unsupported_msg_type
PASS relay_0001_at_least_once
PASS relay_0002_dedupe_delivery_id
PASS relay_0003_ack_timeout_retry
PASS relay_0004_dead_letter_reason
PASS relay_0005_limits
PASS relay_0006_unsupported_msg_type
PASS rpc_0001_req_resp_success
PASS rpc_0002_error_retryability
PASS rpc_0003_stream_ordering
PASS rpc_0004_terminal_closure
PASS rpc_0005_idempotency_replay
PASS rpc_0006_cancel_semantics
PASS rpc_0007_unsupported_msg_type
PASS s1_0001_unauthenticated_peer_rejected
PASS s1_0002_authentication_failure_terminates
PASS s1_0003_downgrade_policy_failure
PASS s1_0004_integrity_failure_terminates
PASS s1_0005_timestamp_freshness_enforced
PASS s1_0006_timestamp_freshness_disabled_documented
PASS state_0001_put_get_success
PASS state_0002_hash_mismatch (fallback)
PASS state_0003_parent_missing (fallback)
PASS state_0004_dag_valid
PASS state_0005_delta_opaque
PASS state_0006_unsupported_msg_type
PASS tooldisc_0001_list_paging_filter
PASS tooldisc_0002_get_success
PASS tooldisc_0003_missing_tool_not_found (fallback)
PASS tooldisc_0004_schema_ref_invalid (fallback)
PASS tooldisc_0005_descriptor_missing_required (fallback)
PASS tooldisc_0006_unsupported_msg_type
summary: passed=138 failed=0 total=138 fallback=22
