PASS core_0001_valid_min_frame
PASS core_0002_valid_typical_frame
PASS core_0003_invalid_zero_length
PASS core_0004_invalid_truncated_prefix
PASS core_0005_invalid_oversized_length
PASS core_0006_invalid_truncated_body
PASS core_0007_invalid_envelope_decode
PASS core_0008_unsupported_version
PASS core_0009_unknown_profile
PASS core_0010_invalid_msg_id_short
PASS core_0011_invalid_msg_id_long
PASS core_0012_invalid_payload_oversize
PASS core_0013_unknown_flags_set
PASS core_0014_stale_timestamp
PASS core_0015_future_timestamp
PASS core_0016_burst_limit_exceeded (fallback)
PASS core_0017_unknown_profile_with_error_path
PASS core_0018_unknown_profile_no_error_path
PASS core_0019_boundary_max_frame_exact
PASS core_0020_boundary_max_payload_exact
PASS core_0021_missing_required_field_version
PASS core_0022_missing_required_field_profile_id
PASS core_0023_missing_required_field_msg_type
PASS core_0024_missing_required_field_msg_id
PASS core_0025_missing_required_field_ts_unix_ms
PASS core_0026_unknown_flags_no_reinterpretation
PASS core_0027_duplicate_inflight_msg_id (fallback)
PASS core_0028_error_mapping_invalid_frame
PASS core_0029_error_mapping_unsupported_version
PASS core_0030_error_mapping_invalid_envelope
PASS core_0031_optional_fields_no_semantic_override
PASS core_0032_profile_dispatch_known_profile
PASS core_0033_extensibility_backward_compatibility
summary: passed=33 failed=0 total=33 fallback=2
